<?xml version="1.0" encoding="UTF-8"?>
<testng-results skipped="5" failed="0" ignored="0" total="5" passed="0">
  <reporter-output>
  </reporter-output>
  <suite name="Default suite" duration-ms="106" started-at="2018-12-02T23:33:03Z" finished-at="2018-12-02T23:33:03Z">
    <groups>
    </groups>
    <test name="Default test" duration-ms="106" started-at="2018-12-02T23:33:03Z" finished-at="2018-12-02T23:33:03Z">
      <class name="generic.TestcaseSuite">
        <test-method status="FAIL" signature="Initialize()[pri:0, instance:generic.TestcaseSuite@3532ec19]" name="Initialize" is-config="true" duration-ms="599" started-at="2018-12-02T23:33:02Z" finished-at="2018-12-02T23:33:03Z">
          <exception class="java.lang.NoClassDefFoundError">
            <message>
              <![CDATA[org/apache/commons/collections4/bidimap/TreeBidiMap]]>
            </message>
            <full-stacktrace>
              <![CDATA[java.lang.NoClassDefFoundError: org/apache/commons/collections4/bidimap/TreeBidiMap
at org.apache.poi.hpsf.Section.<init>(Section.java:182)
at org.apache.poi.hpsf.PropertySet.init(PropertySet.java:497)
at org.apache.poi.hpsf.PropertySet.<init>(PropertySet.java:195)
at org.apache.poi.hpsf.DocumentSummaryInformation.<init>(DocumentSummaryInformation.java:111)
at org.apache.poi.hpsf.PropertySetFactory.create(PropertySetFactory.java:115)
at org.apache.poi.POIDocument.getPropertySet(POIDocument.java:226)
at org.apache.poi.POIDocument.getPropertySet(POIDocument.java:185)
at org.apache.poi.POIDocument.readPropertySet(POIDocument.java:160)
at org.apache.poi.POIDocument.readProperties(POIDocument.java:143)
at org.apache.poi.hssf.usermodel.HSSFWorkbook.updateEncryptionInfo(HSSFWorkbook.java:2243)
at org.apache.poi.hssf.usermodel.HSSFWorkbook.getBytes(HSSFWorkbook.java:1465)
at org.apache.poi.hssf.usermodel.HSSFWorkbook.write(HSSFWorkbook.java:1387)
at org.apache.poi.hssf.usermodel.HSSFWorkbook.write(HSSFWorkbook.java:1375)
at generic.Log.logLine(Log.java:136)
at generic.Initialization.Initialize(Initialization.java:94)
at sun.reflect.NativeMethodAccessorImpl.invoke0(Native Method)
at sun.reflect.NativeMethodAccessorImpl.invoke(Unknown Source)
at sun.reflect.DelegatingMethodAccessorImpl.invoke(Unknown Source)
at java.lang.reflect.Method.invoke(Unknown Source)
at org.testng.internal.MethodInvocationHelper.invokeMethod(MethodInvocationHelper.java:124)
at org.testng.internal.MethodInvocationHelper.invokeMethodConsideringTimeout(MethodInvocationHelper.java:59)
at org.testng.internal.Invoker.invokeConfigurationMethod(Invoker.java:455)
at org.testng.internal.Invoker.invokeConfigurations(Invoker.java:222)
at org.testng.internal.Invoker.invokeConfigurations(Invoker.java:142)
at org.testng.SuiteRunner.privateRun(SuiteRunner.java:401)
at org.testng.SuiteRunner.run(SuiteRunner.java:364)
at org.testng.SuiteRunnerWorker.runSuite(SuiteRunnerWorker.java:52)
at org.testng.SuiteRunnerWorker.run(SuiteRunnerWorker.java:84)
at org.testng.TestNG.runSuitesSequentially(TestNG.java:1208)
at org.testng.TestNG.runSuitesLocally(TestNG.java:1137)
at org.testng.TestNG.runSuites(TestNG.java:1049)
at org.testng.TestNG.run(TestNG.java:1017)
at org.testng.remote.AbstractRemoteTestNG.run(AbstractRemoteTestNG.java:114)
at org.testng.remote.RemoteTestNG.initAndRun(RemoteTestNG.java:251)
at org.testng.remote.RemoteTestNG.main(RemoteTestNG.java:77)
Caused by: java.lang.ClassNotFoundException: org.apache.commons.collections4.bidimap.TreeBidiMap
at java.net.URLClassLoader.findClass(Unknown Source)
at java.lang.ClassLoader.loadClass(Unknown Source)
at sun.misc.Launcher$AppClassLoader.loadClass(Unknown Source)
at java.lang.ClassLoader.loadClass(Unknown Source)
... 35 more
]]>
            </full-stacktrace>
          </exception> <!-- java.lang.NoClassDefFoundError -->
          <reporter-output>
          </reporter-output>
        </test-method> <!-- Initialize -->
        <test-method status="SKIP" signature="LaunchBrowser()[pri:0, instance:generic.TestcaseSuite@3532ec19]" name="LaunchBrowser" is-config="true" duration-ms="0" started-at="2018-12-02T23:33:03Z" finished-at="2018-12-02T23:33:03Z">
          <reporter-output>
          </reporter-output>
        </test-method> <!-- LaunchBrowser -->
        <test-method status="SKIP" signature="ControlTest()[pri:0, instance:generic.TestcaseSuite@3532ec19]" name="ControlTest" is-config="true" duration-ms="0" started-at="2018-12-02T23:33:03Z" finished-at="2018-12-02T23:33:03Z">
          <reporter-output>
          </reporter-output>
        </test-method> <!-- ControlTest -->
        <test-method status="SKIP" signature="Test01_Verify_Creation_Of_NewComputer_In_Application()[pri:0, instance:generic.TestcaseSuite@3532ec19]" name="Test01_Verify_Creation_Of_NewComputer_In_Application" duration-ms="0" started-at="2018-12-02T23:33:03Z" finished-at="2018-12-02T23:33:03Z">
          <exception class="java.lang.NoClassDefFoundError">
            <message>
              <![CDATA[org/apache/commons/collections4/bidimap/TreeBidiMap]]>
            </message>
            <full-stacktrace>
              <![CDATA[java.lang.NoClassDefFoundError: org/apache/commons/collections4/bidimap/TreeBidiMap
at org.apache.poi.hpsf.Section.<init>(Section.java:182)
at org.apache.poi.hpsf.PropertySet.init(PropertySet.java:497)
at org.apache.poi.hpsf.PropertySet.<init>(PropertySet.java:195)
at org.apache.poi.hpsf.DocumentSummaryInformation.<init>(DocumentSummaryInformation.java:111)
at org.apache.poi.hpsf.PropertySetFactory.create(PropertySetFactory.java:115)
at org.apache.poi.POIDocument.getPropertySet(POIDocument.java:226)
at org.apache.poi.POIDocument.getPropertySet(POIDocument.java:185)
at org.apache.poi.POIDocument.readPropertySet(POIDocument.java:160)
at org.apache.poi.POIDocument.readProperties(POIDocument.java:143)
at org.apache.poi.hssf.usermodel.HSSFWorkbook.updateEncryptionInfo(HSSFWorkbook.java:2243)
at org.apache.poi.hssf.usermodel.HSSFWorkbook.getBytes(HSSFWorkbook.java:1465)
at org.apache.poi.hssf.usermodel.HSSFWorkbook.write(HSSFWorkbook.java:1387)
at org.apache.poi.hssf.usermodel.HSSFWorkbook.write(HSSFWorkbook.java:1375)
at generic.Log.logLine(Log.java:136)
at generic.Initialization.Initialize(Initialization.java:94)
at sun.reflect.NativeMethodAccessorImpl.invoke0(Native Method)
at sun.reflect.NativeMethodAccessorImpl.invoke(Unknown Source)
at sun.reflect.DelegatingMethodAccessorImpl.invoke(Unknown Source)
at java.lang.reflect.Method.invoke(Unknown Source)
at org.testng.internal.MethodInvocationHelper.invokeMethod(MethodInvocationHelper.java:124)
at org.testng.internal.MethodInvocationHelper.invokeMethodConsideringTimeout(MethodInvocationHelper.java:59)
at org.testng.internal.Invoker.invokeConfigurationMethod(Invoker.java:455)
at org.testng.internal.Invoker.invokeConfigurations(Invoker.java:222)
at org.testng.internal.Invoker.invokeConfigurations(Invoker.java:142)
at org.testng.SuiteRunner.privateRun(SuiteRunner.java:401)
at org.testng.SuiteRunner.run(SuiteRunner.java:364)
at org.testng.SuiteRunnerWorker.runSuite(SuiteRunnerWorker.java:52)
at org.testng.SuiteRunnerWorker.run(SuiteRunnerWorker.java:84)
at org.testng.TestNG.runSuitesSequentially(TestNG.java:1208)
at org.testng.TestNG.runSuitesLocally(TestNG.java:1137)
at org.testng.TestNG.runSuites(TestNG.java:1049)
at org.testng.TestNG.run(TestNG.java:1017)
at org.testng.remote.AbstractRemoteTestNG.run(AbstractRemoteTestNG.java:114)
at org.testng.remote.RemoteTestNG.initAndRun(RemoteTestNG.java:251)
at org.testng.remote.RemoteTestNG.main(RemoteTestNG.java:77)
Caused by: java.lang.ClassNotFoundException: org.apache.commons.collections4.bidimap.TreeBidiMap
at java.net.URLClassLoader.findClass(Unknown Source)
at java.lang.ClassLoader.loadClass(Unknown Source)
at sun.misc.Launcher$AppClassLoader.loadClass(Unknown Source)
at java.lang.ClassLoader.loadClass(Unknown Source)
... 35 more
]]>
            </full-stacktrace>
          </exception> <!-- java.lang.NoClassDefFoundError -->
          <reporter-output>
          </reporter-output>
        </test-method> <!-- Test01_Verify_Creation_Of_NewComputer_In_Application -->
        <test-method status="SKIP" signature="Screenshot(org.testng.ITestResult)[pri:0, instance:generic.TestcaseSuite@3532ec19]" name="Screenshot" is-config="true" duration-ms="0" started-at="2018-12-02T23:33:03Z" finished-at="2018-12-02T23:33:03Z">
          <reporter-output>
          </reporter-output>
        </test-method> <!-- Screenshot -->
        <test-method status="SKIP" signature="ControlTest()[pri:0, instance:generic.TestcaseSuite@3532ec19]" name="ControlTest" is-config="true" duration-ms="0" started-at="2018-12-02T23:33:03Z" finished-at="2018-12-02T23:33:03Z">
          <reporter-output>
          </reporter-output>
        </test-method> <!-- ControlTest -->
        <test-method status="SKIP" signature="Test02_Verify_Modification_Of_Existing_ComputerDetails()[pri:0, instance:generic.TestcaseSuite@3532ec19]" name="Test02_Verify_Modification_Of_Existing_ComputerDetails" duration-ms="0" started-at="2018-12-02T23:33:03Z" finished-at="2018-12-02T23:33:03Z">
          <exception class="java.lang.NoClassDefFoundError">
            <message>
              <![CDATA[org/apache/commons/collections4/bidimap/TreeBidiMap]]>
            </message>
            <full-stacktrace>
              <![CDATA[java.lang.NoClassDefFoundError: org/apache/commons/collections4/bidimap/TreeBidiMap
at org.apache.poi.hpsf.Section.<init>(Section.java:182)
at org.apache.poi.hpsf.PropertySet.init(PropertySet.java:497)
at org.apache.poi.hpsf.PropertySet.<init>(PropertySet.java:195)
at org.apache.poi.hpsf.DocumentSummaryInformation.<init>(DocumentSummaryInformation.java:111)
at org.apache.poi.hpsf.PropertySetFactory.create(PropertySetFactory.java:115)
at org.apache.poi.POIDocument.getPropertySet(POIDocument.java:226)
at org.apache.poi.POIDocument.getPropertySet(POIDocument.java:185)
at org.apache.poi.POIDocument.readPropertySet(POIDocument.java:160)
at org.apache.poi.POIDocument.readProperties(POIDocument.java:143)
at org.apache.poi.hssf.usermodel.HSSFWorkbook.updateEncryptionInfo(HSSFWorkbook.java:2243)
at org.apache.poi.hssf.usermodel.HSSFWorkbook.getBytes(HSSFWorkbook.java:1465)
at org.apache.poi.hssf.usermodel.HSSFWorkbook.write(HSSFWorkbook.java:1387)
at org.apache.poi.hssf.usermodel.HSSFWorkbook.write(HSSFWorkbook.java:1375)
at generic.Log.logLine(Log.java:136)
at generic.Initialization.Initialize(Initialization.java:94)
at sun.reflect.NativeMethodAccessorImpl.invoke0(Native Method)
at sun.reflect.NativeMethodAccessorImpl.invoke(Unknown Source)
at sun.reflect.DelegatingMethodAccessorImpl.invoke(Unknown Source)
at java.lang.reflect.Method.invoke(Unknown Source)
at org.testng.internal.MethodInvocationHelper.invokeMethod(MethodInvocationHelper.java:124)
at org.testng.internal.MethodInvocationHelper.invokeMethodConsideringTimeout(MethodInvocationHelper.java:59)
at org.testng.internal.Invoker.invokeConfigurationMethod(Invoker.java:455)
at org.testng.internal.Invoker.invokeConfigurations(Invoker.java:222)
at org.testng.internal.Invoker.invokeConfigurations(Invoker.java:142)
at org.testng.SuiteRunner.privateRun(SuiteRunner.java:401)
at org.testng.SuiteRunner.run(SuiteRunner.java:364)
at org.testng.SuiteRunnerWorker.runSuite(SuiteRunnerWorker.java:52)
at org.testng.SuiteRunnerWorker.run(SuiteRunnerWorker.java:84)
at org.testng.TestNG.runSuitesSequentially(TestNG.java:1208)
at org.testng.TestNG.runSuitesLocally(TestNG.java:1137)
at org.testng.TestNG.runSuites(TestNG.java:1049)
at org.testng.TestNG.run(TestNG.java:1017)
at org.testng.remote.AbstractRemoteTestNG.run(AbstractRemoteTestNG.java:114)
at org.testng.remote.RemoteTestNG.initAndRun(RemoteTestNG.java:251)
at org.testng.remote.RemoteTestNG.main(RemoteTestNG.java:77)
Caused by: java.lang.ClassNotFoundException: org.apache.commons.collections4.bidimap.TreeBidiMap
at java.net.URLClassLoader.findClass(Unknown Source)
at java.lang.ClassLoader.loadClass(Unknown Source)
at sun.misc.Launcher$AppClassLoader.loadClass(Unknown Source)
at java.lang.ClassLoader.loadClass(Unknown Source)
... 35 more
]]>
            </full-stacktrace>
          </exception> <!-- java.lang.NoClassDefFoundError -->
          <reporter-output>
          </reporter-output>
        </test-method> <!-- Test02_Verify_Modification_Of_Existing_ComputerDetails -->
        <test-method status="SKIP" signature="Screenshot(org.testng.ITestResult)[pri:0, instance:generic.TestcaseSuite@3532ec19]" name="Screenshot" is-config="true" duration-ms="0" started-at="2018-12-02T23:33:03Z" finished-at="2018-12-02T23:33:03Z">
          <reporter-output>
          </reporter-output>
        </test-method> <!-- Screenshot -->
        <test-method status="SKIP" signature="ControlTest()[pri:0, instance:generic.TestcaseSuite@3532ec19]" name="ControlTest" is-config="true" duration-ms="0" started-at="2018-12-02T23:33:03Z" finished-at="2018-12-02T23:33:03Z">
          <reporter-output>
          </reporter-output>
        </test-method> <!-- ControlTest -->
        <test-method status="SKIP" signature="Test03_Verify_Validation_Of_Existing_ComputerDetails()[pri:0, instance:generic.TestcaseSuite@3532ec19]" name="Test03_Verify_Validation_Of_Existing_ComputerDetails" duration-ms="0" started-at="2018-12-02T23:33:03Z" finished-at="2018-12-02T23:33:03Z">
          <exception class="java.lang.NoClassDefFoundError">
            <message>
              <![CDATA[org/apache/commons/collections4/bidimap/TreeBidiMap]]>
            </message>
            <full-stacktrace>
              <![CDATA[java.lang.NoClassDefFoundError: org/apache/commons/collections4/bidimap/TreeBidiMap
at org.apache.poi.hpsf.Section.<init>(Section.java:182)
at org.apache.poi.hpsf.PropertySet.init(PropertySet.java:497)
at org.apache.poi.hpsf.PropertySet.<init>(PropertySet.java:195)
at org.apache.poi.hpsf.DocumentSummaryInformation.<init>(DocumentSummaryInformation.java:111)
at org.apache.poi.hpsf.PropertySetFactory.create(PropertySetFactory.java:115)
at org.apache.poi.POIDocument.getPropertySet(POIDocument.java:226)
at org.apache.poi.POIDocument.getPropertySet(POIDocument.java:185)
at org.apache.poi.POIDocument.readPropertySet(POIDocument.java:160)
at org.apache.poi.POIDocument.readProperties(POIDocument.java:143)
at org.apache.poi.hssf.usermodel.HSSFWorkbook.updateEncryptionInfo(HSSFWorkbook.java:2243)
at org.apache.poi.hssf.usermodel.HSSFWorkbook.getBytes(HSSFWorkbook.java:1465)
at org.apache.poi.hssf.usermodel.HSSFWorkbook.write(HSSFWorkbook.java:1387)
at org.apache.poi.hssf.usermodel.HSSFWorkbook.write(HSSFWorkbook.java:1375)
at generic.Log.logLine(Log.java:136)
at generic.Initialization.Initialize(Initialization.java:94)
at sun.reflect.NativeMethodAccessorImpl.invoke0(Native Method)
at sun.reflect.NativeMethodAccessorImpl.invoke(Unknown Source)
at sun.reflect.DelegatingMethodAccessorImpl.invoke(Unknown Source)
at java.lang.reflect.Method.invoke(Unknown Source)
at org.testng.internal.MethodInvocationHelper.invokeMethod(MethodInvocationHelper.java:124)
at org.testng.internal.MethodInvocationHelper.invokeMethodConsideringTimeout(MethodInvocationHelper.java:59)
at org.testng.internal.Invoker.invokeConfigurationMethod(Invoker.java:455)
at org.testng.internal.Invoker.invokeConfigurations(Invoker.java:222)
at org.testng.internal.Invoker.invokeConfigurations(Invoker.java:142)
at org.testng.SuiteRunner.privateRun(SuiteRunner.java:401)
at org.testng.SuiteRunner.run(SuiteRunner.java:364)
at org.testng.SuiteRunnerWorker.runSuite(SuiteRunnerWorker.java:52)
at org.testng.SuiteRunnerWorker.run(SuiteRunnerWorker.java:84)
at org.testng.TestNG.runSuitesSequentially(TestNG.java:1208)
at org.testng.TestNG.runSuitesLocally(TestNG.java:1137)
at org.testng.TestNG.runSuites(TestNG.java:1049)
at org.testng.TestNG.run(TestNG.java:1017)
at org.testng.remote.AbstractRemoteTestNG.run(AbstractRemoteTestNG.java:114)
at org.testng.remote.RemoteTestNG.initAndRun(RemoteTestNG.java:251)
at org.testng.remote.RemoteTestNG.main(RemoteTestNG.java:77)
Caused by: java.lang.ClassNotFoundException: org.apache.commons.collections4.bidimap.TreeBidiMap
at java.net.URLClassLoader.findClass(Unknown Source)
at java.lang.ClassLoader.loadClass(Unknown Source)
at sun.misc.Launcher$AppClassLoader.loadClass(Unknown Source)
at java.lang.ClassLoader.loadClass(Unknown Source)
... 35 more
]]>
            </full-stacktrace>
          </exception> <!-- java.lang.NoClassDefFoundError -->
          <reporter-output>
          </reporter-output>
        </test-method> <!-- Test03_Verify_Validation_Of_Existing_ComputerDetails -->
        <test-method status="SKIP" signature="Screenshot(org.testng.ITestResult)[pri:0, instance:generic.TestcaseSuite@3532ec19]" name="Screenshot" is-config="true" duration-ms="0" started-at="2018-12-02T23:33:03Z" finished-at="2018-12-02T23:33:03Z">
          <reporter-output>
          </reporter-output>
        </test-method> <!-- Screenshot -->
        <test-method status="SKIP" signature="ControlTest()[pri:0, instance:generic.TestcaseSuite@3532ec19]" name="ControlTest" is-config="true" duration-ms="0" started-at="2018-12-02T23:33:03Z" finished-at="2018-12-02T23:33:03Z">
          <reporter-output>
          </reporter-output>
        </test-method> <!-- ControlTest -->
        <test-method status="SKIP" signature="Test04_Verify_Deletion_Of_Existing_ComputerDetails()[pri:0, instance:generic.TestcaseSuite@3532ec19]" name="Test04_Verify_Deletion_Of_Existing_ComputerDetails" duration-ms="0" started-at="2018-12-02T23:33:03Z" finished-at="2018-12-02T23:33:03Z">
          <exception class="java.lang.NoClassDefFoundError">
            <message>
              <![CDATA[org/apache/commons/collections4/bidimap/TreeBidiMap]]>
            </message>
            <full-stacktrace>
              <![CDATA[java.lang.NoClassDefFoundError: org/apache/commons/collections4/bidimap/TreeBidiMap
at org.apache.poi.hpsf.Section.<init>(Section.java:182)
at org.apache.poi.hpsf.PropertySet.init(PropertySet.java:497)
at org.apache.poi.hpsf.PropertySet.<init>(PropertySet.java:195)
at org.apache.poi.hpsf.DocumentSummaryInformation.<init>(DocumentSummaryInformation.java:111)
at org.apache.poi.hpsf.PropertySetFactory.create(PropertySetFactory.java:115)
at org.apache.poi.POIDocument.getPropertySet(POIDocument.java:226)
at org.apache.poi.POIDocument.getPropertySet(POIDocument.java:185)
at org.apache.poi.POIDocument.readPropertySet(POIDocument.java:160)
at org.apache.poi.POIDocument.readProperties(POIDocument.java:143)
at org.apache.poi.hssf.usermodel.HSSFWorkbook.updateEncryptionInfo(HSSFWorkbook.java:2243)
at org.apache.poi.hssf.usermodel.HSSFWorkbook.getBytes(HSSFWorkbook.java:1465)
at org.apache.poi.hssf.usermodel.HSSFWorkbook.write(HSSFWorkbook.java:1387)
at org.apache.poi.hssf.usermodel.HSSFWorkbook.write(HSSFWorkbook.java:1375)
at generic.Log.logLine(Log.java:136)
at generic.Initialization.Initialize(Initialization.java:94)
at sun.reflect.NativeMethodAccessorImpl.invoke0(Native Method)
at sun.reflect.NativeMethodAccessorImpl.invoke(Unknown Source)
at sun.reflect.DelegatingMethodAccessorImpl.invoke(Unknown Source)
at java.lang.reflect.Method.invoke(Unknown Source)
at org.testng.internal.MethodInvocationHelper.invokeMethod(MethodInvocationHelper.java:124)
at org.testng.internal.MethodInvocationHelper.invokeMethodConsideringTimeout(MethodInvocationHelper.java:59)
at org.testng.internal.Invoker.invokeConfigurationMethod(Invoker.java:455)
at org.testng.internal.Invoker.invokeConfigurations(Invoker.java:222)
at org.testng.internal.Invoker.invokeConfigurations(Invoker.java:142)
at org.testng.SuiteRunner.privateRun(SuiteRunner.java:401)
at org.testng.SuiteRunner.run(SuiteRunner.java:364)
at org.testng.SuiteRunnerWorker.runSuite(SuiteRunnerWorker.java:52)
at org.testng.SuiteRunnerWorker.run(SuiteRunnerWorker.java:84)
at org.testng.TestNG.runSuitesSequentially(TestNG.java:1208)
at org.testng.TestNG.runSuitesLocally(TestNG.java:1137)
at org.testng.TestNG.runSuites(TestNG.java:1049)
at org.testng.TestNG.run(TestNG.java:1017)
at org.testng.remote.AbstractRemoteTestNG.run(AbstractRemoteTestNG.java:114)
at org.testng.remote.RemoteTestNG.initAndRun(RemoteTestNG.java:251)
at org.testng.remote.RemoteTestNG.main(RemoteTestNG.java:77)
Caused by: java.lang.ClassNotFoundException: org.apache.commons.collections4.bidimap.TreeBidiMap
at java.net.URLClassLoader.findClass(Unknown Source)
at java.lang.ClassLoader.loadClass(Unknown Source)
at sun.misc.Launcher$AppClassLoader.loadClass(Unknown Source)
at java.lang.ClassLoader.loadClass(Unknown Source)
... 35 more
]]>
            </full-stacktrace>
          </exception> <!-- java.lang.NoClassDefFoundError -->
          <reporter-output>
          </reporter-output>
        </test-method> <!-- Test04_Verify_Deletion_Of_Existing_ComputerDetails -->
        <test-method status="SKIP" signature="Screenshot(org.testng.ITestResult)[pri:0, instance:generic.TestcaseSuite@3532ec19]" name="Screenshot" is-config="true" duration-ms="0" started-at="2018-12-02T23:33:03Z" finished-at="2018-12-02T23:33:03Z">
          <reporter-output>
          </reporter-output>
        </test-method> <!-- Screenshot -->
        <test-method status="SKIP" signature="ControlTest()[pri:0, instance:generic.TestcaseSuite@3532ec19]" name="ControlTest" is-config="true" duration-ms="0" started-at="2018-12-02T23:33:03Z" finished-at="2018-12-02T23:33:03Z">
          <reporter-output>
          </reporter-output>
        </test-method> <!-- ControlTest -->
        <test-method status="SKIP" signature="Test05_Verify_Search_Of_Computer_With_UniqueName()[pri:0, instance:generic.TestcaseSuite@3532ec19]" name="Test05_Verify_Search_Of_Computer_With_UniqueName" duration-ms="0" started-at="2018-12-02T23:33:03Z" finished-at="2018-12-02T23:33:03Z">
          <exception class="java.lang.NoClassDefFoundError">
            <message>
              <![CDATA[org/apache/commons/collections4/bidimap/TreeBidiMap]]>
            </message>
            <full-stacktrace>
              <![CDATA[java.lang.NoClassDefFoundError: org/apache/commons/collections4/bidimap/TreeBidiMap
at org.apache.poi.hpsf.Section.<init>(Section.java:182)
at org.apache.poi.hpsf.PropertySet.init(PropertySet.java:497)
at org.apache.poi.hpsf.PropertySet.<init>(PropertySet.java:195)
at org.apache.poi.hpsf.DocumentSummaryInformation.<init>(DocumentSummaryInformation.java:111)
at org.apache.poi.hpsf.PropertySetFactory.create(PropertySetFactory.java:115)
at org.apache.poi.POIDocument.getPropertySet(POIDocument.java:226)
at org.apache.poi.POIDocument.getPropertySet(POIDocument.java:185)
at org.apache.poi.POIDocument.readPropertySet(POIDocument.java:160)
at org.apache.poi.POIDocument.readProperties(POIDocument.java:143)
at org.apache.poi.hssf.usermodel.HSSFWorkbook.updateEncryptionInfo(HSSFWorkbook.java:2243)
at org.apache.poi.hssf.usermodel.HSSFWorkbook.getBytes(HSSFWorkbook.java:1465)
at org.apache.poi.hssf.usermodel.HSSFWorkbook.write(HSSFWorkbook.java:1387)
at org.apache.poi.hssf.usermodel.HSSFWorkbook.write(HSSFWorkbook.java:1375)
at generic.Log.logLine(Log.java:136)
at generic.Initialization.Initialize(Initialization.java:94)
at sun.reflect.NativeMethodAccessorImpl.invoke0(Native Method)
at sun.reflect.NativeMethodAccessorImpl.invoke(Unknown Source)
at sun.reflect.DelegatingMethodAccessorImpl.invoke(Unknown Source)
at java.lang.reflect.Method.invoke(Unknown Source)
at org.testng.internal.MethodInvocationHelper.invokeMethod(MethodInvocationHelper.java:124)
at org.testng.internal.MethodInvocationHelper.invokeMethodConsideringTimeout(MethodInvocationHelper.java:59)
at org.testng.internal.Invoker.invokeConfigurationMethod(Invoker.java:455)
at org.testng.internal.Invoker.invokeConfigurations(Invoker.java:222)
at org.testng.internal.Invoker.invokeConfigurations(Invoker.java:142)
at org.testng.SuiteRunner.privateRun(SuiteRunner.java:401)
at org.testng.SuiteRunner.run(SuiteRunner.java:364)
at org.testng.SuiteRunnerWorker.runSuite(SuiteRunnerWorker.java:52)
at org.testng.SuiteRunnerWorker.run(SuiteRunnerWorker.java:84)
at org.testng.TestNG.runSuitesSequentially(TestNG.java:1208)
at org.testng.TestNG.runSuitesLocally(TestNG.java:1137)
at org.testng.TestNG.runSuites(TestNG.java:1049)
at org.testng.TestNG.run(TestNG.java:1017)
at org.testng.remote.AbstractRemoteTestNG.run(AbstractRemoteTestNG.java:114)
at org.testng.remote.RemoteTestNG.initAndRun(RemoteTestNG.java:251)
at org.testng.remote.RemoteTestNG.main(RemoteTestNG.java:77)
Caused by: java.lang.ClassNotFoundException: org.apache.commons.collections4.bidimap.TreeBidiMap
at java.net.URLClassLoader.findClass(Unknown Source)
at java.lang.ClassLoader.loadClass(Unknown Source)
at sun.misc.Launcher$AppClassLoader.loadClass(Unknown Source)
at java.lang.ClassLoader.loadClass(Unknown Source)
... 35 more
]]>
            </full-stacktrace>
          </exception> <!-- java.lang.NoClassDefFoundError -->
          <reporter-output>
          </reporter-output>
        </test-method> <!-- Test05_Verify_Search_Of_Computer_With_UniqueName -->
        <test-method status="SKIP" signature="Screenshot(org.testng.ITestResult)[pri:0, instance:generic.TestcaseSuite@3532ec19]" name="Screenshot" is-config="true" duration-ms="0" started-at="2018-12-02T23:33:03Z" finished-at="2018-12-02T23:33:03Z">
          <reporter-output>
          </reporter-output>
        </test-method> <!-- Screenshot -->
        <test-method status="SKIP" signature="closeBrowser()[pri:0, instance:generic.TestcaseSuite@3532ec19]" name="closeBrowser" is-config="true" duration-ms="0" started-at="2018-12-02T23:33:03Z" finished-at="2018-12-02T23:33:03Z">
          <reporter-output>
          </reporter-output>
        </test-method> <!-- closeBrowser -->
        <test-method status="SKIP" signature="UpdateConfig()[pri:0, instance:generic.TestcaseSuite@3532ec19]" name="UpdateConfig" is-config="true" duration-ms="0" started-at="2018-12-02T23:33:03Z" finished-at="2018-12-02T23:33:03Z">
          <reporter-output>
          </reporter-output>
        </test-method> <!-- UpdateConfig -->
      </class> <!-- generic.TestcaseSuite -->
    </test> <!-- Default test -->
  </suite> <!-- Default suite -->
</testng-results>
